<?xml version="1.0" encoding="UTF-8"?>
<!-- Generated by org.testng.reporters.JUnitXMLReporter -->
<testsuite ignored="0" hostname="FVFY7177HV22" failures="0" tests="3" name="Selenium Demo Test" time="32.088" errors="0" timestamp="19 Jul 2021 11:58:29 GMT">
  <testcase classname="test.java.testCases.TC01_scalableDragAndDrop" name="dragAndDrop" time="7.87"/>
  <testcase classname="test.java.testCases.TC02_selectableMultiSelect" name="multiSelect" time="7.67"/>
  <testcase classname="test.java.testCases.TC03_controlgroupMultiAction" name="multiSelect" time="7.787"/>
</testsuite> <!-- Selenium Demo Test -->
