<?xml version="1.0" encoding="UTF-8"?>
<!-- Generated by org.testng.reporters.JUnitXMLReporter -->
<testsuite ignored="0" hostname="FVFY7177HV22" failures="0" tests="2" name="Surefire test" time="6.014" errors="0" timestamp="18 Jul 2021 08:05:41 GMT">
  <testcase classname="cucumber.api.testng.AbstractTestNGCucumberTests" name="runScenario" time="3.748"/>
  <testcase classname="cucumber.api.testng.AbstractTestNGCucumberTests" name="runScenario" time="1.819"/>
</testsuite> <!-- Surefire test -->
