<?xml version="1.0" encoding="UTF-8"?>
<!-- Generated by org.testng.reporters.JUnitXMLReporter -->
<testsuite ignored="0" hostname="FVFY7177HV22" failures="1" tests="2" name="Surefire test" time="5.037" errors="0" timestamp="17 Jul 2021 22:25:23 GMT">
  <testcase classname="cucumber.api.testng.AbstractTestNGCucumberTests" name="runScenario" time="3.228"/>
  <testcase classname="cucumber.api.testng.AbstractTestNGCucumberTests" name="runScenario" time="1.41">
    <failure type="java.lang.IllegalArgumentException" message="Schema to use cannot be null">
      <![CDATA[java.lang.IllegalArgumentException: Schema to use cannot be null
at io.restassured.module.jsv.JsonSchemaValidator.validateSchemaIsNotNull(JsonSchemaValidator.java:270)
at io.restassured.module.jsv.JsonSchemaValidator.access$300(JsonSchemaValidator.java:75)
at io.restassured.module.jsv.JsonSchemaValidator$JsonSchemaValidatorFactory.create(JsonSchemaValidator.java:281)
at io.restassured.module.jsv.JsonSchemaValidator.matchesJsonSchema(JsonSchemaValidator.java:166)
at io.restassured.module.jsv.JsonSchemaValidator.matchesJsonSchemaInClasspath(JsonSchemaValidator.java:117)
at main.java.coreComponents.Common.AssertUtil.validateJsonSchema(AssertUtil.java:20)
at test.java.stepDefinitions.userStepdefs.validateTheJsonSchemaOfAPIResponse(userStepdefs.java:86)
at ✽.Validate the json schema of "l.json" API response(file:src/test/java/feature/users.feature:17)
]]>
    </failure>
  </testcase> <!-- runScenario -->
</testsuite> <!-- Surefire test -->
