<?xml version="1.0" encoding="UTF-8"?>
<!-- Generated by org.testng.reporters.JUnitReportReporter -->
<testsuite hostname="FVFY7177HV22" failures="0" tests="2" name="test.java.runner.RunnerIT" time="4.638" errors="1" timestamp="17 Jul 2021 22:25:23 GMT" skipped="0">
  <testcase classname="test.java.runner.RunnerIT" name="runScenario" time="1.410">
    <error message="Schema to use cannot be null" type="java.lang.IllegalArgumentException">
      <![CDATA[java.lang.IllegalArgumentException: Schema to use cannot be null
at io.restassured.module.jsv.JsonSchemaValidator.validateSchemaIsNotNull(JsonSchemaValidator.java:270)
at io.restassured.module.jsv.JsonSchemaValidator.access$300(JsonSchemaValidator.java:75)
at io.restassured.module.jsv.JsonSchemaValidator$JsonSchemaValidatorFactory.create(JsonSchemaValidator.java:281)
at io.restassured.module.jsv.JsonSchemaValidator.matchesJsonSchema(JsonSchemaValidator.java:166)
at io.restassured.module.jsv.JsonSchemaValidator.matchesJsonSchemaInClasspath(JsonSchemaValidator.java:117)
at main.java.coreComponents.Common.AssertUtil.validateJsonSchema(AssertUtil.java:20)
at test.java.stepDefinitions.userStepdefs.validateTheJsonSchemaOfAPIResponse(userStepdefs.java:86)
at ✽.Validate the json schema of "l.json" API response(file:src/test/java/feature/users.feature:17)
]]>
    </error>
  </testcase> <!-- runScenario -->
  <testcase classname="test.java.runner.RunnerIT" name="runScenario" time="3.228"/>
</testsuite> <!-- test.java.runner.RunnerIT -->
