<?xml version="1.0" encoding="UTF-8"?>
<testng-results ignored="0" total="3" passed="3" failed="0" skipped="0">
  <reporter-output>
  </reporter-output>
  <suite started-at="2021-07-19T11:57:57Z" name="Demo Test Suite" finished-at="2021-07-19T11:58:29Z" duration-ms="32088">
    <groups>
    </groups>
    <test started-at="2021-07-19T11:57:57Z" name="Selenium Demo Test" finished-at="2021-07-19T11:58:29Z" duration-ms="32088">
      <class name="test.java.testCases.TC01_scalableDragAndDrop">
        <test-method is-config="true" signature="setup()[pri:0, instance:test.java.testCases.TC01_scalableDragAndDrop@22f31dec]" started-at="2021-07-19T11:57:57Z" name="setup" finished-at="2021-07-19T11:58:01Z" duration-ms="3644" status="PASS">
          <reporter-output>
          </reporter-output>
        </test-method> <!-- setup -->
        <test-method signature="dragAndDrop()[pri:0, instance:test.java.testCases.TC01_scalableDragAndDrop@22f31dec]" started-at="2021-07-19T11:58:01Z" name="dragAndDrop" finished-at="2021-07-19T11:58:09Z" duration-ms="7870" status="PASS">
          <reporter-output>
          </reporter-output>
        </test-method> <!-- dragAndDrop -->
        <test-method is-config="true" signature="tearDown()[pri:0, instance:test.java.testCases.TC01_scalableDragAndDrop@22f31dec]" started-at="2021-07-19T11:58:09Z" name="tearDown" finished-at="2021-07-19T11:58:09Z" duration-ms="210" status="PASS">
          <reporter-output>
          </reporter-output>
        </test-method> <!-- tearDown -->
      </class> <!-- test.java.testCases.TC01_scalableDragAndDrop -->
      <class name="test.java.testCases.TC02_selectableMultiSelect">
        <test-method is-config="true" signature="setup()[pri:0, instance:test.java.testCases.TC02_selectableMultiSelect@34c01041]" started-at="2021-07-19T11:58:09Z" name="setup" finished-at="2021-07-19T11:58:11Z" duration-ms="1865" status="PASS">
          <reporter-output>
          </reporter-output>
        </test-method> <!-- setup -->
        <test-method signature="multiSelect()[pri:0, instance:test.java.testCases.TC02_selectableMultiSelect@34c01041]" started-at="2021-07-19T11:58:11Z" name="multiSelect" finished-at="2021-07-19T11:58:19Z" duration-ms="7670" status="PASS">
          <reporter-output>
          </reporter-output>
        </test-method> <!-- multiSelect -->
        <test-method is-config="true" signature="tearDown()[pri:0, instance:test.java.testCases.TC02_selectableMultiSelect@34c01041]" started-at="2021-07-19T11:58:19Z" name="tearDown" finished-at="2021-07-19T11:58:19Z" duration-ms="157" status="PASS">
          <reporter-output>
          </reporter-output>
        </test-method> <!-- tearDown -->
      </class> <!-- test.java.testCases.TC02_selectableMultiSelect -->
      <class name="test.java.testCases.TC03_controlgroupMultiAction">
        <test-method is-config="true" signature="setup()[pri:0, instance:test.java.testCases.TC03_controlgroupMultiAction@76f4b65]" started-at="2021-07-19T11:58:19Z" name="setup" finished-at="2021-07-19T11:58:21Z" duration-ms="1978" status="PASS">
          <reporter-output>
          </reporter-output>
        </test-method> <!-- setup -->
        <test-method signature="multiSelect()[pri:0, instance:test.java.testCases.TC03_controlgroupMultiAction@76f4b65]" started-at="2021-07-19T11:58:21Z" name="multiSelect" finished-at="2021-07-19T11:58:29Z" duration-ms="7787" status="PASS">
          <reporter-output>
          </reporter-output>
        </test-method> <!-- multiSelect -->
        <test-method is-config="true" signature="tearDown()[pri:0, instance:test.java.testCases.TC03_controlgroupMultiAction@76f4b65]" started-at="2021-07-19T11:58:29Z" name="tearDown" finished-at="2021-07-19T11:58:29Z" duration-ms="112" status="PASS">
          <reporter-output>
          </reporter-output>
        </test-method> <!-- tearDown -->
      </class> <!-- test.java.testCases.TC03_controlgroupMultiAction -->
    </test> <!-- Selenium Demo Test -->
  </suite> <!-- Demo Test Suite -->
</testng-results>
