<?xml version="1.0" encoding="UTF-8"?>
<testsuite xmlns:xsi="http://www.w3.org/2001/XMLSchema-instance" xsi:noNamespaceSchemaLocation="https://maven.apache.org/surefire/maven-surefire-plugin/xsd/surefire-test-report-3.0.xsd" version="3.0" name="TestSuite" time="35.073" tests="3" errors="0" skipped="0" failures="0">
  <properties>
[...]
</properties>
  <testcase name="dragAndDrop" classname="test.java.testCases.TC01_scalableDragAndDrop" time="7.869"/>
  <testcase name="multiSelect" classname="test.java.testCases.TC02_selectableMultiSelect" time="7.67"/>
  <testcase name="multiSelect" classname="test.java.testCases.TC03_controlgroupMultiAction" time="7.787"/>
</testsuite>