<?xml version="1.0" encoding="UTF-8"?>
<testng-results ignored="0" total="9" passed="9" failed="0" skipped="0">
  <reporter-output>
  </reporter-output>
  <suite started-at="2021-07-25T11:35:03Z" name="Appium Demo Test Suite" finished-at="2021-07-25T11:38:08Z" duration-ms="185636">
    <groups>
    </groups>
    <test started-at="2021-07-25T11:35:03Z" name="Appium Demo Test" finished-at="2021-07-25T11:38:08Z" duration-ms="185636">
      <class name="test.java.tests.test04_verifyUserRegistration">
        <test-method is-config="true" signature="setup()[pri:0, instance:test.java.tests.test04_verifyUserRegistration@1f010bf0]" started-at="2021-07-25T11:35:56Z" name="setup" finished-at="2021-07-25T11:36:07Z" duration-ms="11513" status="PASS">
          <reporter-output>
          </reporter-output>
        </test-method> <!-- setup -->
        <test-method signature="test_verifyUserRegistration()[pri:0, instance:test.java.tests.test04_verifyUserRegistration@1f010bf0]" started-at="2021-07-25T11:36:07Z" name="test_verifyUserRegistration" finished-at="2021-07-25T11:36:25Z" duration-ms="17450" status="PASS">
          <reporter-output>
          </reporter-output>
        </test-method> <!-- test_verifyUserRegistration -->
        <test-method is-config="true" signature="tearDown()[pri:0, instance:test.java.tests.test04_verifyUserRegistration@1f010bf0]" started-at="2021-07-25T11:36:25Z" name="tearDown" finished-at="2021-07-25T11:36:25Z" duration-ms="304" status="PASS">
          <reporter-output>
          </reporter-output>
        </test-method> <!-- tearDown -->
      </class> <!-- test.java.tests.test04_verifyUserRegistration -->
      <class name="test.java.tests.test06_verifyToastMessage">
        <test-method is-config="true" signature="setup()[pri:0, instance:test.java.tests.test06_verifyToastMessage@10cf09e8]" started-at="2021-07-25T11:36:54Z" name="setup" finished-at="2021-07-25T11:37:04Z" duration-ms="10033" status="PASS">
          <reporter-output>
          </reporter-output>
        </test-method> <!-- setup -->
        <test-method signature="test_verifyToast()[pri:0, instance:test.java.tests.test06_verifyToastMessage@10cf09e8]" started-at="2021-07-25T11:37:04Z" name="test_verifyToast" finished-at="2021-07-25T11:37:08Z" duration-ms="3865" status="PASS">
          <reporter-output>
          </reporter-output>
        </test-method> <!-- test_verifyToast -->
        <test-method is-config="true" signature="tearDown()[pri:0, instance:test.java.tests.test06_verifyToastMessage@10cf09e8]" started-at="2021-07-25T11:37:08Z" name="tearDown" finished-at="2021-07-25T11:37:09Z" duration-ms="391" status="PASS">
          <reporter-output>
          </reporter-output>
        </test-method> <!-- tearDown -->
      </class> <!-- test.java.tests.test06_verifyToastMessage -->
      <class name="test.java.tests.test08_verifyPressUnheldException">
        <test-method is-config="true" signature="setup()[pri:0, instance:test.java.tests.test08_verifyPressUnheldException@ee86bcb]" started-at="2021-07-25T11:37:29Z" name="setup" finished-at="2021-07-25T11:37:38Z" duration-ms="9316" status="PASS">
          <reporter-output>
          </reporter-output>
        </test-method> <!-- setup -->
        <test-method signature="test_verifyPressToException()[pri:0, instance:test.java.tests.test08_verifyPressUnheldException@ee86bcb]" started-at="2021-07-25T11:37:38Z" name="test_verifyPressToException" finished-at="2021-07-25T11:37:45Z" duration-ms="6648" status="PASS">
          <reporter-output>
          </reporter-output>
        </test-method> <!-- test_verifyPressToException -->
        <test-method is-config="true" signature="tearDown()[pri:0, instance:test.java.tests.test08_verifyPressUnheldException@ee86bcb]" started-at="2021-07-25T11:37:45Z" name="tearDown" finished-at="2021-07-25T11:37:45Z" duration-ms="228" status="PASS">
          <reporter-output>
          </reporter-output>
        </test-method> <!-- tearDown -->
      </class> <!-- test.java.tests.test08_verifyPressUnheldException -->
      <class name="test.java.tests.test05_verifyProgressBar">
        <test-method is-config="true" signature="setup()[pri:0, instance:test.java.tests.test05_verifyProgressBar@40db2a24]" started-at="2021-07-25T11:36:25Z" name="setup" finished-at="2021-07-25T11:36:35Z" duration-ms="10000" status="PASS">
          <reporter-output>
          </reporter-output>
        </test-method> <!-- setup -->
        <test-method signature="test_verifyProgressBarBox()[pri:0, instance:test.java.tests.test05_verifyProgressBar@40db2a24]" started-at="2021-07-25T11:36:35Z" name="test_verifyProgressBarBox" finished-at="2021-07-25T11:36:54Z" duration-ms="19259" status="PASS">
          <reporter-output>
          </reporter-output>
        </test-method> <!-- test_verifyProgressBarBox -->
        <test-method is-config="true" signature="tearDown()[pri:0, instance:test.java.tests.test05_verifyProgressBar@40db2a24]" started-at="2021-07-25T11:36:54Z" name="tearDown" finished-at="2021-07-25T11:36:54Z" duration-ms="338" status="PASS">
          <reporter-output>
          </reporter-output>
        </test-method> <!-- tearDown -->
      </class> <!-- test.java.tests.test05_verifyProgressBar -->
      <class name="test.java.tests.test09_verifyTypeUnheldException">
        <test-method is-config="true" signature="setup()[pri:0, instance:test.java.tests.test09_verifyTypeUnheldException@177bea38]" started-at="2021-07-25T11:37:45Z" name="setup" finished-at="2021-07-25T11:37:55Z" duration-ms="9501" status="PASS">
          <reporter-output>
          </reporter-output>
        </test-method> <!-- setup -->
        <test-method signature="test_verifyTypeToException()[pri:0, instance:test.java.tests.test09_verifyTypeUnheldException@177bea38]" started-at="2021-07-25T11:37:55Z" name="test_verifyTypeToException" finished-at="2021-07-25T11:38:08Z" duration-ms="13521" status="PASS">
          <reporter-output>
          </reporter-output>
        </test-method> <!-- test_verifyTypeToException -->
        <test-method is-config="true" signature="tearDown()[pri:0, instance:test.java.tests.test09_verifyTypeUnheldException@177bea38]" started-at="2021-07-25T11:38:08Z" name="tearDown" finished-at="2021-07-25T11:38:08Z" duration-ms="173" status="PASS">
          <reporter-output>
          </reporter-output>
        </test-method> <!-- tearDown -->
      </class> <!-- test.java.tests.test09_verifyTypeUnheldException -->
      <class name="test.java.tests.test02_verifyClickingNoButton">
        <test-method is-config="true" signature="setup()[pri:0, instance:test.java.tests.test02_verifyClickingNoButton@19b93fa8]" started-at="2021-07-25T11:35:19Z" name="setup" finished-at="2021-07-25T11:35:28Z" duration-ms="9854" status="PASS">
          <reporter-output>
          </reporter-output>
        </test-method> <!-- setup -->
        <test-method signature="test_verifyClickingEnNoButton()[pri:0, instance:test.java.tests.test02_verifyClickingNoButton@19b93fa8]" started-at="2021-07-25T11:35:28Z" name="test_verifyClickingEnNoButton" finished-at="2021-07-25T11:35:31Z" duration-ms="2947" status="PASS">
          <reporter-output>
          </reporter-output>
        </test-method> <!-- test_verifyClickingEnNoButton -->
        <test-method is-config="true" signature="tearDown()[pri:0, instance:test.java.tests.test02_verifyClickingNoButton@19b93fa8]" started-at="2021-07-25T11:35:31Z" name="tearDown" finished-at="2021-07-25T11:35:32Z" duration-ms="170" status="PASS">
          <reporter-output>
          </reporter-output>
        </test-method> <!-- tearDown -->
      </class> <!-- test.java.tests.test02_verifyClickingNoButton -->
      <class name="test.java.tests.test07_verifyPopupWindow">
        <test-method is-config="true" signature="setup()[pri:0, instance:test.java.tests.test07_verifyPopupWindow@1921ad94]" started-at="2021-07-25T11:37:09Z" name="setup" finished-at="2021-07-25T11:37:19Z" duration-ms="10660" status="PASS">
          <reporter-output>
          </reporter-output>
        </test-method> <!-- setup -->
        <test-method signature="test_verifyPopup()[pri:0, instance:test.java.tests.test07_verifyPopupWindow@1921ad94]" started-at="2021-07-25T11:37:19Z" name="test_verifyPopup" finished-at="2021-07-25T11:37:29Z" duration-ms="9079" status="PASS">
          <reporter-output>
          </reporter-output>
        </test-method> <!-- test_verifyPopup -->
        <test-method is-config="true" signature="tearDown()[pri:0, instance:test.java.tests.test07_verifyPopupWindow@1921ad94]" started-at="2021-07-25T11:37:29Z" name="tearDown" finished-at="2021-07-25T11:37:29Z" duration-ms="269" status="PASS">
          <reporter-output>
          </reporter-output>
        </test-method> <!-- tearDown -->
      </class> <!-- test.java.tests.test07_verifyPopupWindow -->
      <class name="test.java.tests.test01_verifyTitle">
        <test-method is-config="true" signature="setup()[pri:0, instance:test.java.tests.test01_verifyTitle@12f9af83]" started-at="2021-07-25T11:35:04Z" name="setup" finished-at="2021-07-25T11:35:17Z" duration-ms="12893" status="PASS">
          <reporter-output>
          </reporter-output>
        </test-method> <!-- setup -->
        <test-method signature="test_verifyTitle()[pri:0, instance:test.java.tests.test01_verifyTitle@12f9af83]" started-at="2021-07-25T11:35:17Z" name="test_verifyTitle" finished-at="2021-07-25T11:35:18Z" duration-ms="1768" status="PASS">
          <reporter-output>
          </reporter-output>
        </test-method> <!-- test_verifyTitle -->
        <test-method is-config="true" signature="tearDown()[pri:0, instance:test.java.tests.test01_verifyTitle@12f9af83]" started-at="2021-07-25T11:35:18Z" name="tearDown" finished-at="2021-07-25T11:35:19Z" duration-ms="179" status="PASS">
          <reporter-output>
          </reporter-output>
        </test-method> <!-- tearDown -->
      </class> <!-- test.java.tests.test01_verifyTitle -->
      <class name="test.java.tests.test03_verifyNameAndCarWebView">
        <test-method is-config="true" signature="setup()[pri:0, instance:test.java.tests.test03_verifyNameAndCarWebView@7e6ef134]" started-at="2021-07-25T11:35:32Z" name="setup" finished-at="2021-07-25T11:35:41Z" duration-ms="9867" status="PASS">
          <reporter-output>
          </reporter-output>
        </test-method> <!-- setup -->
        <test-method signature="test_verifyWebViewNameCar()[pri:0, instance:test.java.tests.test03_verifyNameAndCarWebView@7e6ef134]" started-at="2021-07-25T11:35:41Z" name="test_verifyWebViewNameCar" finished-at="2021-07-25T11:35:55Z" duration-ms="13869" status="PASS">
          <reporter-output>
          </reporter-output>
        </test-method> <!-- test_verifyWebViewNameCar -->
        <test-method is-config="true" signature="tearDown()[pri:0, instance:test.java.tests.test03_verifyNameAndCarWebView@7e6ef134]" started-at="2021-07-25T11:35:55Z" name="tearDown" finished-at="2021-07-25T11:35:56Z" duration-ms="318" status="PASS">
          <reporter-output>
          </reporter-output>
        </test-method> <!-- tearDown -->
      </class> <!-- test.java.tests.test03_verifyNameAndCarWebView -->
    </test> <!-- Appium Demo Test -->
  </suite> <!-- Appium Demo Test Suite -->
</testng-results>
