<?xml version="1.0" encoding="UTF-8"?>
<testng-results ignored="0" total="2" passed="2" failed="0" skipped="0">
  <reporter-output>
  </reporter-output>
  <suite started-at="2021-07-18T08:05:35Z" name="Surefire suite" finished-at="2021-07-18T08:05:41Z" duration-ms="6014">
    <groups>
      <group name="cucumber">
        <method signature="AbstractTestNGCucumberTests.runScenario(cucumber.api.testng.PickleEventWrapper, cucumber.api.testng.CucumberFeatureWrapper)[pri:0, instance:test.java.runner.RunnerIT@3e6ef8ad]" name="runScenario" class="cucumber.api.testng.AbstractTestNGCucumberTests"/>
      </group> <!-- cucumber -->
    </groups>
    <test started-at="2021-07-18T08:05:35Z" name="Surefire test" finished-at="2021-07-18T08:05:41Z" duration-ms="6014">
      <class name="test.java.runner.RunnerIT">
        <test-method is-config="true" signature="setUpClass()[pri:0, instance:test.java.runner.RunnerIT@3e6ef8ad]" started-at="2021-07-18T08:05:35Z" name="setUpClass" finished-at="2021-07-18T08:05:35Z" duration-ms="168" status="PASS">
          <reporter-output>
          </reporter-output>
        </test-method> <!-- setUpClass -->
        <test-method signature="runScenario(cucumber.api.testng.PickleEventWrapper, cucumber.api.testng.CucumberFeatureWrapper)[pri:0, instance:test.java.runner.RunnerIT@3e6ef8ad]" started-at="2021-07-18T08:05:35Z" name="runScenario" description="Runs Cucumber Scenarios" data-provider="scenarios" finished-at="2021-07-18T08:05:39Z" duration-ms="3748" status="PASS">
          <params>
            <param index="0">
              <value>
                <![CDATA["Verify the value of 'first_name' for 'id' as '10'"]]>
              </value>
            </param>
            <param index="1">
              <value>
                <![CDATA["User"]]>
              </value>
            </param>
          </params>
          <reporter-output>
          </reporter-output>
        </test-method> <!-- runScenario -->
        <test-method signature="runScenario(cucumber.api.testng.PickleEventWrapper, cucumber.api.testng.CucumberFeatureWrapper)[pri:0, instance:test.java.runner.RunnerIT@3e6ef8ad]" started-at="2021-07-18T08:05:39Z" name="runScenario" description="Runs Cucumber Scenarios" data-provider="scenarios" finished-at="2021-07-18T08:05:41Z" duration-ms="1819" status="PASS">
          <params>
            <param index="0">
              <value>
                <![CDATA["Verify if the 'id' gets generated after Submitting a POST Request"]]>
              </value>
            </param>
            <param index="1">
              <value>
                <![CDATA["User"]]>
              </value>
            </param>
          </params>
          <reporter-output>
          </reporter-output>
        </test-method> <!-- runScenario -->
        <test-method is-config="true" signature="writeExtent()[pri:0, instance:test.java.runner.RunnerIT@3e6ef8ad]" started-at="2021-07-18T08:05:41Z" name="writeExtent" finished-at="2021-07-18T08:05:41Z" duration-ms="13" status="PASS">
          <reporter-output>
          </reporter-output>
        </test-method> <!-- writeExtent -->
        <test-method is-config="true" signature="tearDownClass()[pri:0, instance:test.java.runner.RunnerIT@3e6ef8ad]" started-at="2021-07-18T08:05:41Z" name="tearDownClass" finished-at="2021-07-18T08:05:41Z" duration-ms="40" status="PASS">
          <reporter-output>
          </reporter-output>
        </test-method> <!-- tearDownClass -->
        <test-method is-config="true" signature="tearDown()[pri:0, instance:test.java.runner.RunnerIT@3e6ef8ad]" started-at="2021-07-18T08:05:41Z" name="tearDown" finished-at="2021-07-18T08:05:41Z" duration-ms="1" status="PASS">
          <reporter-output>
          </reporter-output>
        </test-method> <!-- tearDown -->
      </class> <!-- test.java.runner.RunnerIT -->
    </test> <!-- Surefire test -->
  </suite> <!-- Surefire suite -->
</testng-results>
