-------------------------------------------------------------------------------
Test set: test.java.runner.RunnerIT
-------------------------------------------------------------------------------
Tests run: 2, Failures: 1, Errors: 0, Skipped: 0, Time elapsed: 5.561 s <<< FAILURE! - in test.java.runner.RunnerIT
test.java.runner.RunnerIT.runScenario  Time elapsed: 1.422 s  <<< FAILURE!
java.lang.IllegalArgumentException: Schema to use cannot be null

