<?xml version="1.0" encoding="UTF-8"?>
<!-- Generated by org.testng.reporters.JUnitXMLReporter -->
<testsuite ignored="0" hostname="FVFY7177HV22" failures="0" tests="3" name="Appium Demo Test" time="47.702" errors="0" timestamp="20 Jul 2021 14:07:15 GMT">
  <testcase classname="test.java.tests.test01_verifyTitle" name="test_verifyTitle" time="3.686"/>
  <testcase classname="test.java.tests.test02_verifyClickingNoButton" name="test_verifyClickingEnNoButton" time="2.973"/>
  <testcase classname="test.java.tests.test03_verifyNameAndCarWebView" name="test_verifyWebViewNameCar" time="12.266"/>
</testsuite> <!-- Appium Demo Test -->
