<?xml version="1.0" encoding="UTF-8"?>
<!-- Generated by org.testng.reporters.JUnitXMLReporter -->
<testsuite ignored="0" hostname="FVFY7177HV22" failures="0" tests="9" name="Appium Demo Test" time="185.636" errors="0" timestamp="25 Jul 2021 11:38:08 GMT">
  <testcase classname="test.java.tests.test01_verifyTitle" name="test_verifyTitle" time="1.768"/>
  <testcase classname="test.java.tests.test02_verifyClickingNoButton" name="test_verifyClickingEnNoButton" time="2.947"/>
  <testcase classname="test.java.tests.test03_verifyNameAndCarWebView" name="test_verifyWebViewNameCar" time="13.869"/>
  <testcase classname="test.java.tests.test04_verifyUserRegistration" name="test_verifyUserRegistration" time="17.45"/>
  <testcase classname="test.java.tests.test05_verifyProgressBar" name="test_verifyProgressBarBox" time="19.259"/>
  <testcase classname="test.java.tests.test06_verifyToastMessage" name="test_verifyToast" time="3.865"/>
  <testcase classname="test.java.tests.test07_verifyPopupWindow" name="test_verifyPopup" time="9.079"/>
  <testcase classname="test.java.tests.test08_verifyPressUnheldException" name="test_verifyPressToException" time="6.648"/>
  <testcase classname="test.java.tests.test09_verifyTypeUnheldException" name="test_verifyTypeToException" time="13.521"/>
</testsuite> <!-- Appium Demo Test -->
